<?xml version="1.0" encoding="UTF-8"?>
<testsuite xmlns:xsi="http://www.w3.org/2001/XMLSchema-instance" xsi:noNamespaceSchemaLocation="https://maven.apache.org/surefire/maven-surefire-plugin/xsd/surefire-test-report-3.0.xsd" version="3.0" name="com.dcb.TianheApplicationTests" time="3.327" tests="1" errors="0" skipped="0" failures="0">
  <properties>
[...]
</properties>
  <testcase name="contextLoads" classname="com.dcb.TianheApplicationTests" time="1.112">
    <system-out><![CDATA[17:35:41.933 [main] INFO org.springframework.test.context.support.AnnotationConfigContextLoaderUtils -- Could not detect default configuration classes for test class [com.dcb.TianheApplicationTests]: TianheApplicationTests does not declare any static, non-private, non-final, nested classes annotated with @Configuration.
17:35:42.035 [main] INFO org.springframework.boot.test.context.SpringBootTestContextBootstrapper -- Found @SpringBootConfiguration com.dcb.TianheApplication for test class com.dcb.TianheApplicationTests

  .   ____          _            __ _ _
 /\\ / ___'_ __ _ _(_)_ __  __ _ \ \ \ \
( ( )\___ | '_ | '_| | '_ \/ _` | \ \ \ \
 \\/  ___)| |_)| | | | | || (_| |  ) ) ) )
  '  |____| .__|_| |_|_| |_\__, | / / / /
 =========|_|==============|___/=/_/_/_/
 :: Spring Boot ::                (v3.2.1)

2024-01-10T17:35:42.529+08:00  INFO 16680 --- [           main] com.dcb.TianheApplicationTests           : Starting TianheApplicationTests using Java 17.0.6 with PID 16680 (started by 25614 in E:\coding\IdeaProject\springboot3\tianhe)
2024-01-10T17:35:42.531+08:00  INFO 16680 --- [           main] com.dcb.TianheApplicationTests           : No active profile set, falling back to 1 default profile: "default"
2024-01-10T17:35:43.654+08:00  INFO 16680 --- [           main] o.s.b.a.w.s.WelcomePageHandlerMapping    : Adding welcome page: class path resource [static/index.html]
2024-01-10T17:35:43.947+08:00  INFO 16680 --- [           main] com.dcb.TianheApplicationTests           : Started TianheApplicationTests in 1.728 seconds (process running for 2.725)
]]></system-out>
  </testcase>
</testsuite>